<?xml version="1.0" encoding="UTF-8"?>
<!-- for local -->
<collections>
  <collection name="sample">
  	<analyzers>
  		<!-- 
	    <analyzer type="indexing" className="org.apache.lucene.analysis.WhitespaceAnalyzer" constructor-args="org.apache.lucene.util.Version.LUCENE_36" />
	    <analyzer type="search" className="com.tistory.devyongsik.analyzer.KoreanAnalyzer" constructor-args="false" />
		 -->		 
		<analyzer type="indexing" className="com.tistory.devyongsik.analyzer.KoreanAnalyzer" constructor-args="true" />
	    <analyzer type="search" className="com.tistory.devyongsik.analyzer.KoreanAnalyzer" constructor-args="false" />
	</analyzers>
    <indexingDirectory>memory</indexingDirectory>
    <searcherReloadScheduleMin>1</searcherReloadScheduleMin>
    <!-- indexingDirectory>/data1/lucene_index/sample</indexingDirectory -->
    <fields>
      <field name="board_id" store="true" index="true" type="LONG" analyze="false" termposition="false" termoffset="false" boost="0.0" must="false" termvector="false"/>
      <field name="title" store="true" index="true" type="STRING" analyze="true" termposition="true" termoffset="true" boost="2.0" must="false" termvector="true"/>
      <field name="dscr" store="true" index="true" type="STRING" analyze="true" termposition="true" termoffset="true" boost="0.0" must="true" termvector="true"/>
      <field name="creuser" store="true" index="true" type="STRING" analyze="false" termposition="false" termoffset="false" boost="0.0" must="false" termvector="false"/>
    </fields>
    <defaultSearchFields>
      <defaultSearchField name="title"/>
      <defaultSearchField name="dscr"/>
    </defaultSearchFields>
    <sortFields>
      <sortField source="title" dest="title_sort"/>
      <sortField source="board_id" dest="board_id_sort"/>
    </sortFields>
  </collection>
</collections>